<?xml version="1.0" encoding="utf-8"?>
<TestRun id="041aefd8-b3ee-4cb3-a6d7-8fc7e307bd35" name="@LL-UOW-007521 2023-09-16 01:22:02" xmlns="http://microsoft.com/schemas/VisualStudio/TeamTest/2010">
  <Times creation="2023-09-16T01:22:02.9066500+01:00" queuing="2023-09-16T01:22:02.9066500+01:00" start="2023-09-16T01:22:01.8112370+01:00" finish="2023-09-16T01:22:02.9072740+01:00" />
  <TestSettings name="default" id="9e1a21eb-9bb9-474c-8175-399d73a32eb3">
    <Deployment runDeploymentRoot="_LL-UOW-007521_2023-09-16_01_22_02" />
  </TestSettings>
  <TestLists>
    <TestList name="Results Not in a List" id="8c84fa94-04c1-424b-9868-57a2d4851a1d" />
    <TestList name="All Loaded Results" id="19431567-8539-422a-85d7-44ee4e166bda" />
  </TestLists>
  <ResultSummary outcome="Completed">
    <Counters total="0" executed="0" passed="0" failed="0" error="0" timeout="0" aborted="0" inconclusive="0" passedButRunAborted="0" notRunnable="0" notExecuted="0" disconnected="0" warning="0" completed="0" inProgress="0" pending="0" />
    <RunInfos>
      <RunInfo computerName="LL-UOW-007521" outcome="Warning" timestamp="2023-09-16T01:22:02.8089610+01:00">
        <Text>No test is available in /Users/w1855014/Desktop/FinalProject/Application/Services/Order/Order.ArchitectureTests/bin/Debug/net7.0/Order.ArchitectureTests.dll. Make sure that test discoverer &amp; executors are registered and platform &amp; framework version settings are appropriate and try again.</Text>
      </RunInfo>
    </RunInfos>
  </ResultSummary>
</TestRun>